<?xml version="1.0" encoding="UTF-8"?>
<!-- Generated by org.testng.reporters.JUnitReportReporter -->
<testsuite skipped="0" hostname="Lenovo-PC" name="com.crm.qa.testcases.HomePageTest" tests="3" failures="0" timestamp="03 May 2018 03:19:32 GMT" time="39.286" errors="0">
  <testcase name="verifyHomePageTitleTest" time="14.306" classname="com.crm.qa.testcases.HomePageTest"/>
  <testcase name="verifyHomepageUserTest" time="11.896" classname="com.crm.qa.testcases.HomePageTest"/>
  <testcase name="contacsPageNavigationTest" time="13.084" classname="com.crm.qa.testcases.HomePageTest"/>
</testsuite> <!-- com.crm.qa.testcases.HomePageTest -->
