<?xml version="1.0" encoding="UTF-8"?>
<!-- Generated by org.testng.reporters.JUnitReportReporter -->
<testsuite skipped="0" hostname="Lenovo-PC" name="com.crm.qa.testcases.LoginPageTest" tests="2" failures="0" timestamp="03 May 2018 03:25:11 GMT" time="23.732" errors="0">
  <testcase name="LoginPageTitleTest" time="12.415" classname="com.crm.qa.testcases.LoginPageTest"/>
  <testcase name="crmLogoTest" time="11.317" classname="com.crm.qa.testcases.LoginPageTest"/>
</testsuite> <!-- com.crm.qa.testcases.LoginPageTest -->
