<?xml version="1.0" encoding="UTF-8"?>
<!-- Generated by org.testng.reporters.JUnitReportReporter -->
<testsuite hostname="Lenovo-PC" failures="0" tests="3" name="com.crm.qa.testcases.ContactsPageTest" time="73.374" errors="0" timestamp="02 May 2018 15:23:17 GMT" skipped="0">
  <testcase classname="com.crm.qa.testcases.ContactsPageTest" name="verifyContactsLabelTest" time="22.936"/>
  <testcase classname="com.crm.qa.testcases.ContactsPageTest" name="contactsSearchByStatusTest" time="25.766"/>
  <testcase classname="com.crm.qa.testcases.ContactsPageTest" name="contactsSearchByCompanyTest" time="24.672"/>
</testsuite> <!-- com.crm.qa.testcases.ContactsPageTest -->
